[debug] [2022-06-28T03:42:57.082Z] ----------------------------------------------------------------------
[debug] [2022-06-28T03:42:57.085Z] Command:       C:\Program Files\nodejs\node.exe C:\Users\Manoj Reddy\AppData\Roaming\npm\node_modules\firebase-tools\lib\bin\firebase.js init
[debug] [2022-06-28T03:42:57.086Z] CLI Version:   11.1.0
[debug] [2022-06-28T03:42:57.086Z] Platform:      win32
[debug] [2022-06-28T03:42:57.086Z] Node Version:  v16.14.0
[debug] [2022-06-28T03:42:57.088Z] Time:          Tue Jun 28 2022 09:12:57 GMT+0530 (India Standard Time)
[debug] [2022-06-28T03:42:57.088Z] ----------------------------------------------------------------------
[debug] 
[debug] [2022-06-28T03:42:57.099Z] > command requires scopes: ["email","openid","https://www.googleapis.com/auth/cloudplatformprojects.readonly","https://www.googleapis.com/auth/firebase","https://www.googleapis.com/auth/cloud-platform"]
[debug] [2022-06-28T03:42:57.100Z] > authorizing via signed-in user (manojreddy.2682000@gmail.com)
[info] 
     ######## #### ########  ######## ########     ###     ######  ########
     ##        ##  ##     ## ##       ##     ##  ##   ##  ##       ##
     ######    ##  ########  ######   ########  #########  ######  ######
     ##        ##  ##    ##  ##       ##     ## ##     ##       ## ##
     ##       #### ##     ## ######## ########  ##     ##  ######  ########

You're about to initialize a Firebase project in this directory:

  C:\AWT

Before we get started, keep in mind:

  * You are currently outside your home directory

